<?xml version="1.0" encoding="UTF-8"?>
<!-- Generated by org.testng.reporters.JUnitReportReporter -->
<testsuite hostname="LAPTOP-RT3BFCH1" failures="0" tests="3" name="com.Selenium.testcase1" time="0.007" errors="0" timestamp="2022-03-22T20:50:18 EDT" skipped="1">
  <testcase classname="com.Selenium.testcase1" name="sample3" time="0.005"/>
  <system-out/>
  <testcase classname="com.Selenium.testcase1" name="sample1" time="0.002"/>
  <system-out/>
  <testcase classname="com.Selenium.testcase1" name="sample2">
    <skipped/>
  </testcase> <!-- sample2 -->
  <system-out/>
</testsuite> <!-- com.Selenium.testcase1 -->
