<?xml version="1.0" encoding="UTF-8"?>
<!-- Generated by org.testng.reporters.JUnitReportReporter -->
<testsuite hostname="LAPTOP-RT3BFCH1" failures="0" tests="3" name="com.Selenium.testcase2" time="0.779" errors="0" timestamp="2022-03-22T20:52:16 EDT" skipped="0">
  <testcase classname="com.Selenium.testcase2" name="testcase2" time="0.116"/>
  <system-out/>
  <testcase classname="com.Selenium.testcase2" name="testcase1" time="0.103"/>
  <system-out/>
  <testcase classname="com.Selenium.testcase2" name="testcase3" time="0.560"/>
  <system-out/>
</testsuite> <!-- com.Selenium.testcase2 -->
